4

>>> Start the following setting at Tue 28 Nov 20:05:55 GMT 2017: 
1
	input=/home/zqz/Work/chase/data/ml/ml/rm/labeled_data_all.csv output=/home/zqz/Work/chase/output oov_random=0 dataset=rm model_desc=www_,dropout=0.2,conv1d=100-4,maxpooling1d=4,lstm=100-True,gmaxpooling1d,dense=2-softmax
start 2017-11-28 20:05:56.637799
	== Perform ANN ...
	fitting model...
	best params for www_,dropout=0.2,conv1d=100-4,maxpooling1d=4,lstm=100-True,gmaxpooling1d,dense=2-softmax model are:{'batch_size': 100, 'nb_epoch': 10}
complete 2017-11-28 20:16:34.907817
<<< completed at Tue 28 Nov 20:16:36 GMT 2017: 

>>> Start the following setting at Tue 28 Nov 20:16:36 GMT 2017: 
2
	input=/home/zqz/Work/chase/data/ml/ml/rm/labeled_data_all.csv output=/home/zqz/Work/chase/output oov_random=0 dataset=rm model_desc=www_,dropout=0.2,conv1d=100-4,maxpooling1d=4,lstm=100-True,gmaxpooling1d,dense=2-softmax
start 2017-11-28 20:16:37.526546
	== Perform ANN ...
	fitting model...
	best params for www_,dropout=0.2,conv1d=100-4,maxpooling1d=4,lstm=100-True,gmaxpooling1d,dense=2-softmax model are:{'batch_size': 100, 'nb_epoch': 10}
complete 2017-11-28 20:27:49.175413
<<< completed at Tue 28 Nov 20:27:50 GMT 2017: 

>>> Start the following setting at Tue 28 Nov 20:27:50 GMT 2017: 
3
	input=/home/zqz/Work/chase/data/ml/ml/rm/labeled_data_all.csv output=/home/zqz/Work/chase/output oov_random=0 dataset=rm model_desc=www_,dropout=0.2,conv1d=100-4,maxpooling1d=4,lstm=100-True,gmaxpooling1d,dense=2-softmax
start 2017-11-28 20:27:51.787717
	== Perform ANN ...
	fitting model...
