12

>>> Start the following setting at Wed 29 Nov 10:40:23 GMT 2017: 
1
	input=/home/zqz/Work/chase/data/ml/ml/rm/labeled_data_all.csv output=/home/zqz/Work/chase/output oov_random=0 dataset=rm model_desc=f_(conv1d=100-[3]),lstm=100-True,gmaxpooling1d,dropout=0.2,dense=2-softmax
start 2017-11-29 10:40:25.348551
	== Perform ANN ...
	fitting model...
	best params for f_(conv1d=100-[3]),lstm=100-True,gmaxpooling1d,dropout=0.2,dense=2-softmax model are:{'batch_size': 100, 'nb_epoch': 10}
complete 2017-11-29 10:58:29.749130
<<< completed at Wed 29 Nov 10:58:31 GMT 2017: 

>>> Start the following setting at Wed 29 Nov 10:58:31 GMT 2017: 
2
	input=/home/zqz/Work/chase/data/ml/ml/rm/labeled_data_all.csv output=/home/zqz/Work/chase/output oov_random=0 dataset=rm model_desc=f_(conv1d=100-[4]),lstm=100-True,gmaxpooling1d,dropout=0.2,dense=2-softmax
start 2017-11-29 10:58:32.818070
	== Perform ANN ...
	fitting model...
	best params for f_(conv1d=100-[4]),lstm=100-True,gmaxpooling1d,dropout=0.2,dense=2-softmax model are:{'batch_size': 100, 'nb_epoch': 10}
complete 2017-11-29 11:40:25.041007
<<< completed at Wed 29 Nov 11:40:26 GMT 2017: 

>>> Start the following setting at Wed 29 Nov 11:40:26 GMT 2017: 
3
	input=/home/zqz/Work/chase/data/ml/ml/rm/labeled_data_all.csv output=/home/zqz/Work/chase/output oov_random=0 dataset=rm model_desc=f_(conv1d=100-[5]),lstm=100-True,gmaxpooling1d,dropout=0.2,dense=2-softmax
start 2017-11-29 11:40:28.372121
	== Perform ANN ...
	fitting model...
	best params for f_(conv1d=100-[5]),lstm=100-True,gmaxpooling1d,dropout=0.2,dense=2-softmax model are:{'batch_size': 100, 'nb_epoch': 10}
complete 2017-11-29 13:13:31.364708
<<< completed at Wed 29 Nov 13:13:33 GMT 2017: 

9

>>> Start the following setting at Wed 29 Nov 14:11:49 GMT 2017: 
1
	input=/home/zqz/Work/chase/data/ml/ml/rm/labeled_data_all.csv output=/home/zqz/Work/chase/output oov_random=0 dataset=rm model_desc=f_(conv1d=100-[3,4,5]),lstm=100-True,gmaxpooling1d,dropout-0.2,dense=2-softmax
start 2017-11-29 14:12:01.787325
	== Perform ANN ...
	fitting model...
	best params for f_(conv1d=100-[3,4,5]),lstm=100-True,gmaxpooling1d,dropout-0.2,dense=2-softmax model are:{'batch_size': 100, 'nb_epoch': 10}
complete 2017-11-29 16:37:01.177275
<<< completed at Wed 29 Nov 16:37:03 GMT 2017: 

>>> Start the following setting at Wed 29 Nov 16:37:03 GMT 2017: 
2
	input=/home/zqz/Work/chase/data/ml/ml/rm/labeled_data_all.csv output=/home/zqz/Work/chase/output oov_random=0 emd_model=/home/zqz/Work/data/GoogleNews-vectors-negative300.bin.gz emd_dim=300 dataset=rm model_desc=f_(conv1d=100-[3]),lstm=100-True,gmaxpooling1d,dropout=0.2,dense=2-softmax
start 2017-11-29 16:37:04.986164
	== Perform ANN ...
	fitting model...
