8

>>> Start the following setting at Wed 29 Nov 18:54:43 GMT 2017: 
1
	input=/home/zqz/Work/chase/data/ml/ml/rm/labeled_data_all.csv output=/home/zqz/Work/chase/output oov_random=0 emd_model=/home/zqz/Work/data/GoogleNews-vectors-negative300.bin.gz emd_dim=300 dataset=rm model_desc=f_(conv1d=100-[3]),lstm=100-True,gmaxpooling1d,dropout=0.2,dense=2-softmax
start 2017-11-29 18:54:44.686157
	== Perform ANN ...
	fitting model...
	best params for f_(conv1d=100-[3]),lstm=100-True,gmaxpooling1d,dropout=0.2,dense=2-softmax model are:{'batch_size': 100, 'nb_epoch': 10}
complete 2017-11-29 19:11:45.288664
<<< completed at Wed 29 Nov 19:11:46 GMT 2017: 

>>> Start the following setting at Wed 29 Nov 19:11:46 GMT 2017: 
2
	input=/home/zqz/Work/chase/data/ml/ml/rm/labeled_data_all.csv output=/home/zqz/Work/chase/output oov_random=0 emd_model=/home/zqz/Work/data/GoogleNews-vectors-negative300.bin.gz emd_dim=300 dataset=rm model_desc=f_(conv1d=100-[4]),lstm=100-True,gmaxpooling1d,dropout=0.2,dense=2-softmax
start 2017-11-29 19:11:48.053716
	== Perform ANN ...
	fitting model...
	best params for f_(conv1d=100-[4]),lstm=100-True,gmaxpooling1d,dropout=0.2,dense=2-softmax model are:{'batch_size': 100, 'nb_epoch': 10}
complete 2017-11-29 19:51:23.709503
<<< completed at Wed 29 Nov 19:51:25 GMT 2017: 

>>> Start the following setting at Wed 29 Nov 19:51:25 GMT 2017: 
3
	input=/home/zqz/Work/chase/data/ml/ml/rm/labeled_data_all.csv output=/home/zqz/Work/chase/output oov_random=0 emd_model=/home/zqz/Work/data/GoogleNews-vectors-negative300.bin.gz emd_dim=300 dataset=rm model_desc=f_(conv1d=100-[5]),lstm=100-True,gmaxpooling1d,dropout=0.2,dense=2-softmax
